<?xml version="1.0" encoding="UTF-8"?>
<!-- Generated by org.testng.reporters.JUnitReportReporter -->
<testsuite skipped="0" hostname="LIN76000136" name="tests.TestSet1_DeliverToScenarios" tests="2" failures="0" timestamp="09 Jun 2020 22:08:17 GMT" time="21.659" errors="0">
  <testcase name="validateInvalidUSZipCode" time="9.529" classname="tests.TestSet1_DeliverToScenarios"/>
  <testcase name="validateUSZipCode" time="12.130" classname="tests.TestSet1_DeliverToScenarios"/>
</testsuite> <!-- tests.TestSet1_DeliverToScenarios -->
